2024.05.17 19:09:40 INFO  Started: Metals version 1.3.1 in folders '/home/meisam/Documents/Pure-fp/music-artist-catalogue' for client Visual Studio Code 1.80.2.[0m
SLF4J(W): Class path contains multiple SLF4J providers.
SLF4J(W): Found provider [scribe.slf4j.ScribeServiceProvider@32d0bb52]
SLF4J(W): Found provider [ch.qos.logback.classic.spi.LogbackServiceProvider@5cff668a]
SLF4J(W): See https://www.slf4j.org/codes.html#multiple_bindings for an explanation.
SLF4J(I): Actual provider is of type [scribe.slf4j.ScribeServiceProvider@32d0bb52]
2024.05.17 19:09:40 WARN  Flyway upgrade recommended: H2 2.2.224 is newer than this version of Flyway and support has not been tested. The latest supported version of H2 is 2.2.220.[0m
2024.05.17 19:09:41 INFO  no build target found for /home/meisam/Documents/Pure-fp/music-artist-catalogue/src/main/scala/example/MusicArtist.scala. Using presentation compiler with project's scala-library version: 3.3.3[0m
2024.05.17 19:10:27 INFO  running '/usr/bin/sbt -Dbloop.export-jar-classifiers=sources bloopInstall'[0m
2024.05.17 19:10:28 WARN  no build target for: /home/meisam/Documents/Pure-fp/music-artist-catalogue/project/metals.sbt[0m
2024.05.17 19:10:28 INFO  no build target found for /home/meisam/Documents/Pure-fp/music-artist-catalogue/project/metals.sbt. Using presentation compiler with project's scala-library version: 3.3.3[0m
2024.05.17 19:10:28 INFO  no build target found for /home/meisam/Documents/Pure-fp/music-artist-catalogue/src/main/scala/example/MusicArtist.scala. Using presentation compiler with project's scala-library version: 3.3.3[0m
2024.05.17 19:10:29 INFO  [info] welcome to sbt 1.10.0 (Oracle Corporation Java 21.0.2)[0m
2024.05.17 19:10:31 INFO  [info] loading settings for project music-artist-catalogue-build-build from metals.sbt ...[0m
2024.05.17 19:10:31 INFO  [info] loading project definition from /home/meisam/Documents/Pure-fp/music-artist-catalogue/project/project[0m
2024.05.17 19:10:34 INFO  [info] loading settings for project music-artist-catalogue-build from metals.sbt ...[0m
2024.05.17 19:10:34 INFO  [info] loading project definition from /home/meisam/Documents/Pure-fp/music-artist-catalogue/project[0m
2024.05.17 19:10:36 INFO  [success] Generated .bloop/music-artist-catalogue-build.json[0m
2024.05.17 19:10:36 INFO  [info] compiling 1 Scala source to /home/meisam/Documents/Pure-fp/music-artist-catalogue/project/target/scala-2.12/sbt-1.0/classes ...[0m
2024.05.17 19:10:39 INFO  [info] done compiling[0m
2024.05.17 19:10:39 INFO  [success] Total time: 5 s, completed May 17, 2024, 7:10:40 PM[0m
2024.05.17 19:10:41 INFO  [info] loading settings for project root from build.sbt ...[0m
2024.05.17 19:10:41 INFO  [info] set current project to music-artist-catalogue (in build file:/home/meisam/Documents/Pure-fp/music-artist-catalogue/)[0m
2024.05.17 19:10:41 INFO  [success] Generated .bloop/root.json[0m
2024.05.17 19:10:41 INFO  [success] Generated .bloop/root-test.json[0m
2024.05.17 19:10:41 INFO  [success] Total time: 0 s, completed May 17, 2024, 7:10:42 PM[0m
2024.05.17 19:10:42 INFO  time: ran 'sbt bloopInstall' in 14s[0m
2024.05.17 19:10:42 INFO  Attempting to connect to the build server...[0m
2024.05.17 19:10:42 INFO  tracing is disabled for protocol BSP, to enable tracing of incoming and outgoing JSON messages create an empty file at /home/meisam/Documents/Pure-fp/music-artist-catalogue/.metals/bsp.trace.json or /home/meisam/.cache/metals/bsp.trace.json[0m
2024.05.17 19:10:42 INFO  Attempting to connect to the build server...[0m
2024.05.17 19:10:42 INFO  tracing is disabled for protocol BSP, to enable tracing of incoming and outgoing JSON messages create an empty file at /home/meisam/Documents/Pure-fp/music-artist-catalogue/project/.metals/bsp.trace.json or /home/meisam/.cache/metals/bsp.trace.json[0m
2024.05.17 19:10:42 INFO  time: Connected to build server in 0.22s[0m
2024.05.17 19:10:42 INFO  Connected to Build server: Bloop v1.5.17[0m
2024.05.17 19:11:18 INFO  time: indexed workspace in 35s[0m
2024.05.17 19:52:38 INFO  Shut down connection with build server.[0m
2024.05.17 19:52:38 INFO  Shut down connection with build server.[0m
2024.05.22 18:46:54 INFO  Started: Metals version 1.3.1 in folders '/home/meisam/Documents/Pure-fp/music-artist-catalogue' for client Visual Studio Code 1.80.2.
SLF4J(W): Class path contains multiple SLF4J providers.
SLF4J(W): Found provider [scribe.slf4j.ScribeServiceProvider@27f4e673]
SLF4J(W): Found provider [ch.qos.logback.classic.spi.LogbackServiceProvider@12959270]
SLF4J(W): See https://www.slf4j.org/codes.html#multiple_bindings for an explanation.
SLF4J(I): Actual provider is of type [scribe.slf4j.ScribeServiceProvider@27f4e673]
2024.05.22 18:46:56 WARN  Flyway upgrade recommended: H2 2.2.224 is newer than this version of Flyway and support has not been tested. The latest supported version of H2 is 2.2.220.
2024.05.22 18:46:57 INFO  Attempting to connect to the build server...
2024.05.22 18:46:58 INFO  no build target found for /home/meisam/Documents/Pure-fp/music-artist-catalogue/src/main/scala/example/MusicArtist.scala. Using presentation compiler with project's scala-library version: 3.3.3
2024.05.22 18:47:13 INFO  tracing is disabled for protocol BSP, to enable tracing of incoming and outgoing JSON messages create an empty file at /home/meisam/Documents/Pure-fp/music-artist-catalogue/.metals/bsp.trace.json or /home/meisam/.cache/metals/bsp.trace.json
2024.05.22 18:47:14 INFO  Attempting to connect to the build server...
2024.05.22 18:47:14 INFO  tracing is disabled for protocol BSP, to enable tracing of incoming and outgoing JSON messages create an empty file at /home/meisam/Documents/Pure-fp/music-artist-catalogue/project/.metals/bsp.trace.json or /home/meisam/.cache/metals/bsp.trace.json
2024.05.22 18:47:14 INFO  time: Connected to build server in 17s
2024.05.22 18:47:14 INFO  Connected to Build server: Bloop v1.5.17
2024.05.22 18:47:14 INFO  time: Imported build in 0.51s
2024.05.22 18:47:22 INFO  time: indexed workspace in 6.7s
2024.05.22 18:50:27 INFO  compiling root (1 scala source)
2024.05.22 18:50:29 INFO  time: compiled root in 2.14s
2024.05.22 18:50:29 INFO  compiling root (1 scala source)
2024.05.22 18:50:29 INFO  time: compiled root in 0.19s
May 22, 2024 6:50:34 PM org.eclipse.lsp4j.jsonrpc.RemoteEndpoint handleCancellation
WARNING: Unmatched cancel notification for request id 19
May 22, 2024 6:50:34 PM org.eclipse.lsp4j.jsonrpc.RemoteEndpoint handleCancellation
WARNING: Unmatched cancel notification for request id 22
May 22, 2024 6:50:34 PM org.eclipse.lsp4j.jsonrpc.RemoteEndpoint handleCancellation
WARNING: Unmatched cancel notification for request id 27
2024.05.22 18:50:34 INFO  compiling root (1 scala source)
2024.05.22 18:50:34 INFO  time: compiled root in 0.67s
2024.05.22 18:51:31 INFO  compiling root (1 scala source)
2024.05.22 18:51:31 INFO  time: compiled root in 0.56s
2024.05.22 19:36:41 INFO  Shutting down server
2024.05.22 19:36:41 INFO  shutting down Metals
2024.05.22 19:36:41 INFO  Shut down connection with build server.
2024.05.22 19:36:41 INFO  Shut down connection with build server.
2024.05.22 19:36:41 INFO  Exiting server
2024.05.23 08:37:03 INFO  Started: Metals version 1.3.1 in folders '/home/meisam/Documents/Pure-fp/music-artist-catalogue' for client Visual Studio Code 1.80.2.
SLF4J(W): Class path contains multiple SLF4J providers.
SLF4J(W): Found provider [scribe.slf4j.ScribeServiceProvider@27f4e673]
SLF4J(W): Found provider [ch.qos.logback.classic.spi.LogbackServiceProvider@12959270]
SLF4J(W): See https://www.slf4j.org/codes.html#multiple_bindings for an explanation.
SLF4J(I): Actual provider is of type [scribe.slf4j.ScribeServiceProvider@27f4e673]
2024.05.23 08:37:04 WARN  Flyway upgrade recommended: H2 2.2.224 is newer than this version of Flyway and support has not been tested. The latest supported version of H2 is 2.2.220.
2024.05.23 08:37:05 INFO  no build target found for /home/meisam/Documents/Pure-fp/music-artist-catalogue/src/main/scala/example/MusicArtist.scala. Using presentation compiler with project's scala-library version: 3.3.3
2024.05.23 08:37:05 INFO  no build target found for /home/meisam/Documents/Pure-fp/music-artist-catalogue/src/main/scala/example/MusicArtist.scala. Using presentation compiler with project's scala-library version: 3.3.3
2024.05.23 08:37:06 INFO  Attempting to connect to the build server...
2024.05.23 08:37:20 INFO  tracing is disabled for protocol BSP, to enable tracing of incoming and outgoing JSON messages create an empty file at /home/meisam/Documents/Pure-fp/music-artist-catalogue/.metals/bsp.trace.json or /home/meisam/.cache/metals/bsp.trace.json
2024.05.23 08:37:21 INFO  Attempting to connect to the build server...
2024.05.23 08:37:21 INFO  tracing is disabled for protocol BSP, to enable tracing of incoming and outgoing JSON messages create an empty file at /home/meisam/Documents/Pure-fp/music-artist-catalogue/project/.metals/bsp.trace.json or /home/meisam/.cache/metals/bsp.trace.json
2024.05.23 08:37:21 INFO  time: Connected to build server in 15s
2024.05.23 08:37:21 INFO  Connected to Build server: Bloop v1.5.17
2024.05.23 08:37:22 INFO  time: Imported build in 0.4s
2024.05.23 08:37:29 INFO  time: indexed workspace in 7.03s
2024.05.23 08:40:26 INFO  compiling root (1 scala source)
2024.05.23 08:40:28 INFO  time: compiled root in 1.87s
2024.05.23 08:40:28 INFO  compiling root (1 scala source)
2024.05.23 08:40:28 INFO  time: compiled root in 0.43s
May 23, 2024 12:28:49 PM org.eclipse.lsp4j.jsonrpc.services.GenericEndpoint notify
INFO: Unsupported notification method: $/setTrace
