2024.05.16 19:02:57 INFO  Started: Metals version 1.3.0 in folders '/home/meisam/Documents/Pure-fp/handling_errors' for client Visual Studio Code 1.80.2.[0m
SLF4J: Class path contains multiple SLF4J providers.
SLF4J: Found provider [scribe.slf4j.ScribeServiceProvider@25df7b5]
SLF4J: Found provider [ch.qos.logback.classic.spi.LogbackServiceProvider@35b21b64]
SLF4J: See https://www.slf4j.org/codes.html#multiple_bindings for an explanation.
SLF4J: Actual provider is of type [scribe.slf4j.ScribeServiceProvider@25df7b5]
2024.05.16 19:02:58 WARN  Flyway upgrade recommended: H2 2.2.224 is newer than this version of Flyway and support has not been tested. The latest supported version of H2 is 2.2.220.[0m
2024.05.16 19:03:05 INFO  running '/usr/bin/sbt -Dbloop.export-jar-classifiers=sources bloopInstall'[0m
2024.05.16 19:03:05 WARN  no build target for: /home/meisam/Documents/Pure-fp/handling_errors/project/metals.sbt[0m
May 16, 2024 7:03:05 PM org.eclipse.lsp4j.jsonrpc.services.GenericEndpoint notify
INFO: Unsupported notification method: $/setTrace
2024.05.16 19:03:06 INFO  [info] welcome to sbt 1.10.0 (Oracle Corporation Java 21.0.2)[0m
2024.05.16 19:03:12 INFO  [info] loading settings for project handling_errors-build-build from metals.sbt ...[0m
2024.05.16 19:03:12 INFO  [info] loading project definition from /home/meisam/Documents/Pure-fp/handling_errors/project/project[0m
2024.05.16 19:03:15 INFO  [info] loading settings for project handling_errors-build from metals.sbt ...[0m
2024.05.16 19:03:15 INFO  [info] loading project definition from /home/meisam/Documents/Pure-fp/handling_errors/project[0m
2024.05.16 19:03:18 INFO  [success] Generated .bloop/handling_errors-build.json[0m
2024.05.16 19:03:18 INFO  [info] compiling 1 Scala source to /home/meisam/Documents/Pure-fp/handling_errors/project/target/scala-2.12/sbt-1.0/classes ...[0m
2024.05.16 19:03:21 INFO  [info] done compiling[0m
2024.05.16 19:03:21 INFO  [success] Total time: 6 s, completed May 16, 2024, 7:03:21 PM[0m
2024.05.16 19:03:22 INFO  no build target found for /home/meisam/Documents/Pure-fp/handling_errors/project/metals.sbt. Using presentation compiler with project's scala-library version: 3.3.3[0m
2024.05.16 19:03:24 INFO  [info] loading settings for project root from build.sbt ...[0m
2024.05.16 19:03:24 INFO  [info] set current project to handling_errors (in build file:/home/meisam/Documents/Pure-fp/handling_errors/)[0m
2024.05.16 19:03:24 INFO  [success] Generated .bloop/root.json[0m
2024.05.16 19:03:24 INFO  [success] Generated .bloop/root-test.json[0m
2024.05.16 19:03:24 INFO  [success] Total time: 0 s, completed May 16, 2024, 7:03:24 PM[0m
2024.05.16 19:03:25 INFO  time: ran 'sbt bloopInstall' in 20s[0m
2024.05.16 19:03:25 INFO  Attempting to connect to the build server...[0m
2024.05.16 19:03:25 INFO  tracing is disabled for protocol BSP, to enable tracing of incoming and outgoing JSON messages create an empty file at /home/meisam/Documents/Pure-fp/handling_errors/.metals/bsp.trace.json or /home/meisam/.cache/metals/bsp.trace.json[0m
2024.05.16 19:03:25 INFO  Attempting to connect to the build server...[0m
2024.05.16 19:03:25 INFO  tracing is disabled for protocol BSP, to enable tracing of incoming and outgoing JSON messages create an empty file at /home/meisam/Documents/Pure-fp/handling_errors/project/.metals/bsp.trace.json or /home/meisam/.cache/metals/bsp.trace.json[0m
2024.05.16 19:03:25 INFO  time: Connected to build server in 0.18s[0m
2024.05.16 19:03:25 INFO  Connected to Build server: Bloop v1.5.17[0m
2024.05.16 19:03:31 INFO  time: indexed workspace in 5.86s[0m
2024.05.16 19:06:37 INFO  compiling root (1 scala source)[0m
2024.05.16 19:06:37 INFO  time: compiled root in 0.88s[0m
2024.05.16 19:06:57 INFO  compiling root (1 scala source)[0m
2024.05.16 19:06:57 INFO  time: compiled root in 0.67s[0m
May 16, 2024 7:07:12 PM org.eclipse.lsp4j.jsonrpc.RemoteEndpoint handleCancellation
WARNING: Unmatched cancel notification for request id 72
2024.05.16 19:07:14 INFO  compiling root (1 scala source)[0m
2024.05.16 19:07:14 INFO  time: compiled root in 0.12s[0m
2024.05.16 19:07:23 INFO  compiling root (1 scala source)[0m
2024.05.16 19:07:23 INFO  time: compiled root in 98ms[0m
2024.05.16 19:07:24 INFO  compiling root (1 scala source)[0m
2024.05.16 19:07:24 INFO  time: compiled root in 99ms[0m
2024.05.16 19:07:25 INFO  compiling root (1 scala source)[0m
2024.05.16 19:07:25 INFO  time: compiled root in 74ms[0m
2024.05.16 19:07:28 INFO  compiling root (1 scala source)[0m
2024.05.16 19:07:28 INFO  time: compiled root in 0.48s[0m
2024.05.16 19:07:34 INFO  compiling root (1 scala source)[0m
2024.05.16 19:07:34 INFO  time: compiled root in 0.52s[0m
2024.05.16 19:07:37 INFO  compiling root (1 scala source)[0m
2024.05.16 19:07:37 INFO  time: compiled root in 0.41s[0m
2024.05.16 19:07:39 INFO  compiling root (1 scala source)[0m
2024.05.16 19:07:39 INFO  time: compiled root in 81ms[0m
2024.05.16 19:07:41 INFO  compiling root (1 scala source)[0m
2024.05.16 19:07:41 INFO  time: compiled root in 0.11s[0m
2024.05.16 19:07:46 INFO  compiling root (1 scala source)[0m
2024.05.16 19:07:46 INFO  time: compiled root in 76ms[0m
2024.05.16 19:07:49 INFO  compiling root (1 scala source)[0m
2024.05.16 19:07:49 INFO  time: compiled root in 72ms[0m
2024.05.16 19:07:53 INFO  compiling root (1 scala source)[0m
2024.05.16 19:07:53 INFO  time: compiled root in 0.12s[0m
2024.05.16 19:07:55 INFO  compiling root (1 scala source)[0m
2024.05.16 19:07:55 INFO  time: compiled root in 0.43s[0m
2024.05.16 19:09:02 INFO  compiling root (1 scala source)[0m
2024.05.16 19:09:02 INFO  time: compiled root in 97ms[0m
May 16, 2024 7:09:03 PM org.eclipse.lsp4j.jsonrpc.RemoteEndpoint handleCancellation
WARNING: Unmatched cancel notification for request id 420
2024.05.16 19:09:05 INFO  compiling root (1 scala source)[0m
2024.05.16 19:09:05 INFO  time: compiled root in 0.7s[0m
2024.05.16 19:09:16 INFO  compiling root (1 scala source)[0m
2024.05.16 19:09:16 INFO  time: compiled root in 0.51s[0m
2024.05.16 19:09:21 INFO  compiling root (1 scala source)[0m
2024.05.16 19:09:21 WARN  Could not load snapshot text for /home/meisam/Documents/Pure-fp/handling_errors/src/main/scala/example/TVShowParsingEngine.scala[0m
2024.05.16 19:09:21 INFO  time: compiled root in 0.48s[0m
2024.05.16 19:09:25 INFO  compiling root (1 scala source)[0m
2024.05.16 19:09:25 INFO  time: compiled root in 0.52s[0m
2024.05.16 19:09:29 INFO  compiling root (1 scala source)[0m
2024.05.16 19:09:29 INFO  time: compiled root in 0.51s[0m
2024.05.16 19:09:35 INFO  compiling root (1 scala source)[0m
2024.05.16 19:09:35 INFO  time: compiled root in 0.49s[0m
May 16, 2024 7:09:37 PM org.eclipse.lsp4j.jsonrpc.RemoteEndpoint handleCancellation
WARNING: Unmatched cancel notification for request id 581
2024.05.16 19:09:43 INFO  compiling root (1 scala source)[0m
2024.05.16 19:09:43 INFO  time: compiled root in 0.51s[0m
2024.05.16 19:09:48 INFO  compiling root (1 scala source)[0m
2024.05.16 19:09:48 WARN  Could not load snapshot text for /home/meisam/Documents/Pure-fp/handling_errors/src/main/scala/example/TVShowParsingEngine.scala[0m
2024.05.16 19:09:48 INFO  time: compiled root in 0.51s[0m
2024.05.16 19:09:49 INFO  compiling root (1 scala source)[0m
2024.05.16 19:09:49 INFO  time: compiled root in 0.13s[0m
2024.05.16 19:09:54 INFO  compiling root (1 scala source)[0m
2024.05.16 19:09:54 INFO  time: compiled root in 0.54s[0m
2024.05.16 19:09:57 INFO  compiling root (1 scala source)[0m
2024.05.16 19:09:57 INFO  time: compiled root in 0.52s[0m
2024.05.16 19:10:00 INFO  compiling root (1 scala source)[0m
2024.05.16 19:10:00 INFO  time: compiled root in 0.65s[0m
2024.05.16 19:10:07 INFO  compiling root (1 scala source)[0m
2024.05.16 19:10:07 INFO  time: compiled root in 0.53s[0m
2024.05.16 19:10:10 INFO  compiling root (1 scala source)[0m
2024.05.16 19:10:10 INFO  time: compiled root in 0.47s[0m
2024.05.16 19:10:13 INFO  compiling root (1 scala source)[0m
2024.05.16 19:10:13 INFO  time: compiled root in 0.48s[0m
2024.05.16 19:10:15 INFO  compiling root (1 scala source)[0m
2024.05.16 19:10:15 INFO  time: compiled root in 0.49s[0m
2024.05.16 19:10:17 INFO  compiling root (1 scala source)[0m
2024.05.16 19:10:17 INFO  time: compiled root in 0.5s[0m
2024.05.16 19:10:20 INFO  compiling root (1 scala source)[0m
2024.05.16 19:10:20 INFO  time: compiled root in 0.47s[0m
2024.05.16 19:10:34 INFO  compiling root (1 scala source)[0m
2024.05.16 19:10:34 INFO  time: compiled root in 0.14s[0m
May 16, 2024 7:10:41 PM org.eclipse.lsp4j.jsonrpc.RemoteEndpoint handleCancellation
WARNING: Unmatched cancel notification for request id 941
2024.05.16 19:10:47 INFO  compiling root (1 scala source)[0m
2024.05.16 19:10:47 INFO  time: compiled root in 96ms[0m
2024.05.16 19:10:54 INFO  compiling root (1 scala source)[0m
2024.05.16 19:10:54 INFO  time: compiled root in 92ms[0m
2024.05.16 19:11:02 INFO  compiling root (1 scala source)[0m
2024.05.16 19:11:02 INFO  time: compiled root in 80ms[0m
2024.05.16 19:11:07 INFO  compiling root (1 scala source)[0m
2024.05.16 19:11:07 INFO  time: compiled root in 0.14s[0m
2024.05.16 19:11:10 INFO  compiling root (1 scala source)[0m
2024.05.16 19:11:10 INFO  time: compiled root in 77ms[0m
2024.05.16 19:11:16 INFO  compiling root (1 scala source)[0m
2024.05.16 19:11:16 INFO  time: compiled root in 71ms[0m
2024.05.16 19:11:23 INFO  compiling root (1 scala source)[0m
2024.05.16 19:11:23 INFO  time: compiled root in 79ms[0m
2024.05.16 19:11:35 INFO  compiling root (1 scala source)[0m
2024.05.16 19:11:35 INFO  time: compiled root in 84ms[0m
2024.05.16 19:11:41 INFO  compiling root (1 scala source)[0m
2024.05.16 19:11:41 INFO  time: compiled root in 0.12s[0m
2024.05.16 19:11:44 INFO  compiling root (1 scala source)[0m
2024.05.16 19:11:44 INFO  time: compiled root in 87ms[0m
2024.05.16 19:11:46 INFO  compiling root (1 scala source)[0m
2024.05.16 19:11:46 INFO  time: compiled root in 91ms[0m
2024.05.16 19:11:51 INFO  compiling root (1 scala source)[0m
2024.05.16 19:11:51 INFO  time: compiled root in 97ms[0m
May 16, 2024 7:11:52 PM org.eclipse.lsp4j.jsonrpc.RemoteEndpoint handleCancellation
WARNING: Unmatched cancel notification for request id 1368
2024.05.16 19:11:54 INFO  compiling root (1 scala source)[0m
2024.05.16 19:11:54 INFO  time: compiled root in 99ms[0m
2024.05.16 19:11:59 INFO  compiling root (1 scala source)[0m
2024.05.16 19:11:59 INFO  time: compiled root in 0.61s[0m
May 16, 2024 7:18:58 PM org.eclipse.lsp4j.jsonrpc.RemoteEndpoint handleCancellation
WARNING: Unmatched cancel notification for request id 1493
2024.05.16 19:18:59 INFO  compiling root (1 scala source)[0m
2024.05.16 19:18:59 INFO  time: compiled root in 82ms[0m
2024.05.16 19:19:02 INFO  compiling root (1 scala source)[0m
2024.05.16 19:19:02 INFO  time: compiled root in 0.1s[0m
2024.05.16 19:19:05 INFO  compiling root (1 scala source)[0m
2024.05.16 19:19:05 INFO  time: compiled root in 0.11s[0m
2024.05.16 19:19:06 INFO  compiling root (1 scala source)[0m
2024.05.16 19:19:06 INFO  time: compiled root in 87ms[0m
May 16, 2024 7:19:36 PM org.eclipse.lsp4j.jsonrpc.RemoteEndpoint handleCancellation
WARNING: Unmatched cancel notification for request id 1576
2024.05.16 19:19:38 INFO  compiling root (1 scala source)[0m
2024.05.16 19:19:38 INFO  time: compiled root in 94ms[0m
2024.05.16 19:19:45 INFO  compiling root (1 scala source)[0m
2024.05.16 19:19:45 INFO  time: compiled root in 0.11s[0m
2024.05.16 19:19:48 INFO  compiling root (1 scala source)[0m
2024.05.16 19:19:48 INFO  time: compiled root in 0.13s[0m
2024.05.16 19:19:50 INFO  compiling root (1 scala source)[0m
2024.05.16 19:19:50 INFO  time: compiled root in 0.1s[0m
2024.05.16 19:19:52 INFO  compiling root (1 scala source)[0m
2024.05.16 19:19:52 INFO  time: compiled root in 74ms[0m
May 16, 2024 7:19:56 PM org.eclipse.lsp4j.jsonrpc.RemoteEndpoint handleCancellation
WARNING: Unmatched cancel notification for request id 1697
2024.05.16 19:19:57 INFO  compiling root (1 scala source)[0m
2024.05.16 19:19:57 INFO  time: compiled root in 0.11s[0m
2024.05.16 19:20:01 INFO  compiling root (1 scala source)[0m
2024.05.16 19:20:01 INFO  time: compiled root in 0.1s[0m
2024.05.16 19:20:03 INFO  compiling root (1 scala source)[0m
2024.05.16 19:20:03 INFO  time: compiled root in 94ms[0m
2024.05.16 19:20:07 INFO  compiling root (1 scala source)[0m
2024.05.16 19:20:07 INFO  time: compiled root in 0.1s[0m
2024.05.16 19:20:12 INFO  compiling root (1 scala source)[0m
May 16, 2024 7:20:12 PM org.eclipse.lsp4j.jsonrpc.RemoteEndpoint handleCancellation
WARNING: Unmatched cancel notification for request id 1842
2024.05.16 19:20:12 INFO  time: compiled root in 0.11s[0m
2024.05.16 19:20:14 INFO  compiling root (1 scala source)[0m
2024.05.16 19:20:14 INFO  time: compiled root in 97ms[0m
May 16, 2024 7:20:17 PM org.eclipse.lsp4j.jsonrpc.RemoteEndpoint handleCancellation
WARNING: Unmatched cancel notification for request id 1882
2024.05.16 19:20:19 INFO  compiling root (1 scala source)[0m
2024.05.16 19:20:19 INFO  time: compiled root in 0.14s[0m
2024.05.16 19:20:45 INFO  compiling root (1 scala source)[0m
2024.05.16 19:20:45 INFO  time: compiled root in 97ms[0m
2024.05.16 19:20:52 INFO  compiling root (1 scala source)[0m
2024.05.16 19:20:52 INFO  time: compiled root in 79ms[0m
2024.05.16 19:21:04 INFO  compiling root (1 scala source)[0m
2024.05.16 19:21:04 INFO  time: compiled root in 78ms[0m
May 16, 2024 7:21:07 PM org.eclipse.lsp4j.jsonrpc.RemoteEndpoint handleCancellation
WARNING: Unmatched cancel notification for request id 2005
2024.05.16 19:21:08 INFO  compiling root (1 scala source)[0m
2024.05.16 19:21:08 INFO  time: compiled root in 0.83s[0m
2024.05.16 19:21:21 INFO  compiling root (1 scala source)[0m
2024.05.16 19:21:21 INFO  time: compiled root in 0.89s[0m
May 16, 2024 7:21:33 PM org.eclipse.lsp4j.jsonrpc.RemoteEndpoint handleCancellation
WARNING: Unmatched cancel notification for request id 2083
2024.05.16 19:21:34 INFO  compiling root (1 scala source)[0m
2024.05.16 19:21:34 INFO  time: compiled root in 0.66s[0m
2024.05.16 19:21:39 INFO  compiling root (1 scala source)[0m
2024.05.16 19:21:39 INFO  time: compiled root in 0.61s[0m
Exception in thread "pool-6-thread-1" java.lang.InterruptedException
	at scala.meta.internal.metals.FutureCancelToken.checkCanceled(FutureCancelToken.scala:29)
	at scala.meta.internal.pc.CompilerAccess.$anonfun$onCompilerJobQueue$1(CompilerAccess.scala:243)
	at scala.meta.internal.pc.CompilerJobQueue$Job.run(CompilerJobQueue.scala:152)
	at java.base/java.util.concurrent.ThreadPoolExecutor.runWorker(ThreadPoolExecutor.java:1144)
	at java.base/java.util.concurrent.ThreadPoolExecutor$Worker.run(ThreadPoolExecutor.java:642)
	at java.base/java.lang.Thread.run(Thread.java:1583)
2024.05.16 19:21:43 INFO  compiling root (1 scala source)[0m
2024.05.16 19:21:43 INFO  time: compiled root in 0.62s[0m
2024.05.16 19:21:45 INFO  compiling root (1 scala source)[0m
2024.05.16 19:21:45 INFO  time: compiled root in 0.77s[0m
2024.05.16 19:21:49 INFO  compiling root (1 scala source)[0m
2024.05.16 19:21:49 INFO  time: compiled root in 0.82s[0m
2024.05.16 19:21:50 INFO  compiling root (1 scala source)[0m
2024.05.16 19:21:50 INFO  time: compiled root in 0.24s[0m
2024.05.16 19:22:00 INFO  compiling root (1 scala source)[0m
2024.05.16 19:22:00 INFO  time: compiled root in 0.6s[0m
2024.05.16 19:22:01 INFO  compiling root (1 scala source)[0m
2024.05.16 19:22:01 INFO  time: compiled root in 0.29s[0m
2024.05.16 19:22:05 INFO  compiling root (1 scala source)[0m
2024.05.16 19:22:05 INFO  time: compiled root in 0.64s[0m
2024.05.16 19:22:09 INFO  compiling root (1 scala source)[0m
2024.05.16 19:22:09 INFO  time: compiled root in 0.63s[0m
2024.05.16 19:22:11 INFO  compiling root (1 scala source)[0m
2024.05.16 19:22:11 INFO  time: compiled root in 0.67s[0m
2024.05.16 19:22:15 INFO  compiling root (1 scala source)[0m
2024.05.16 19:22:15 INFO  time: compiled root in 0.67s[0m
2024.05.16 19:22:17 INFO  compiling root (1 scala source)[0m
2024.05.16 19:22:17 INFO  time: compiled root in 0.12s[0m
2024.05.16 19:22:30 INFO  compiling root (1 scala source)[0m
2024.05.16 19:22:30 INFO  time: compiled root in 0.62s[0m
2024.05.16 19:22:39 INFO  compiling root (1 scala source)[0m
2024.05.16 19:22:39 INFO  time: compiled root in 0.11s[0m
2024.05.16 19:22:42 INFO  compiling root (1 scala source)[0m
2024.05.16 19:22:42 INFO  time: compiled root in 80ms[0m
2024.05.16 19:22:45 INFO  compiling root (1 scala source)[0m
2024.05.16 19:22:45 INFO  time: compiled root in 72ms[0m
May 16, 2024 7:22:45 PM org.eclipse.lsp4j.jsonrpc.RemoteEndpoint handleCancellation
WARNING: Unmatched cancel notification for request id 2490
May 16, 2024 7:22:48 PM org.eclipse.lsp4j.jsonrpc.RemoteEndpoint handleCancellation
WARNING: Unmatched cancel notification for request id 2501
2024.05.16 19:22:50 INFO  compiling root (1 scala source)[0m
2024.05.16 19:22:50 INFO  time: compiled root in 86ms[0m
something's wrong: no file:///home/meisam/Documents/Pure-fp/handling_errors/src/main/scala/example/TVShowParsingEngine.scala in List[<error>]RangePosition(file:///home/meisam/Documents/Pure-fp/handling_errors/src/main/scala/example/TVShowParsingEngine.scala, 401, 401, 415)
2024.05.16 19:22:54 INFO  compiling root (1 scala source)[0m
2024.05.16 19:22:54 INFO  time: compiled root in 73ms[0m
something's wrong: no file:///home/meisam/Documents/Pure-fp/handling_errors/src/main/scala/example/TVShowParsingEngine.scala in List[<error>]RangePosition(file:///home/meisam/Documents/Pure-fp/handling_errors/src/main/scala/example/TVShowParsingEngine.scala, 401, 401, 408)
2024.05.16 19:22:57 INFO  compiling root (1 scala source)[0m
2024.05.16 19:22:57 INFO  time: compiled root in 0.12s[0m
May 16, 2024 7:22:58 PM scala.meta.internal.pc.CompilerAccess handleError
SEVERE: A severe compiler error occurred, full details of the error can be found in the error report /home/meisam/Documents/Pure-fp/handling_errors/.metals/.reports/metals-full/2024-05-16/r_compiler-error_(root)_19-22-58-542.md
2024.05.16 19:22:59 INFO  compiling root (1 scala source)[0m
2024.05.16 19:22:59 INFO  time: compiled root in 0.11s[0m
2024.05.16 19:23:01 INFO  compiling root (1 scala source)[0m
2024.05.16 19:23:01 INFO  time: compiled root in 81ms[0m
May 16, 2024 7:23:03 PM org.eclipse.lsp4j.jsonrpc.RemoteEndpoint handleCancellation
WARNING: Unmatched cancel notification for request id 2631
2024.05.16 19:23:05 INFO  compiling root (1 scala source)[0m
2024.05.16 19:23:05 INFO  time: compiled root in 87ms[0m
2024.05.16 19:23:07 INFO  compiling root (1 scala source)[0m
2024.05.16 19:23:07 INFO  time: compiled root in 0.14s[0m
May 16, 2024 7:23:08 PM org.eclipse.lsp4j.jsonrpc.RemoteEndpoint handleCancellation
WARNING: Unmatched cancel notification for request id 2677
2024.05.16 19:23:12 INFO  compiling root (1 scala source)[0m
2024.05.16 19:23:12 INFO  time: compiled root in 0.13s[0m
2024.05.16 19:23:14 INFO  compiling root (1 scala source)[0m
2024.05.16 19:23:14 INFO  time: compiled root in 0.11s[0m
2024.05.16 19:23:18 INFO  compiling root (1 scala source)[0m
2024.05.16 19:23:18 INFO  time: compiled root in 77ms[0m
2024.05.16 19:23:31 INFO  compiling root (1 scala source)[0m
2024.05.16 19:23:31 INFO  time: compiled root in 0.13s[0m
2024.05.16 19:23:33 INFO  compiling root (1 scala source)[0m
2024.05.16 19:23:33 INFO  time: compiled root in 0.11s[0m
2024.05.16 19:23:37 INFO  compiling root (1 scala source)[0m
2024.05.16 19:23:37 INFO  time: compiled root in 0.14s[0m
2024.05.16 19:23:41 INFO  compiling root (1 scala source)[0m
2024.05.16 19:23:41 INFO  time: compiled root in 70ms[0m
May 16, 2024 7:23:42 PM org.eclipse.lsp4j.jsonrpc.RemoteEndpoint handleCancellation
WARNING: Unmatched cancel notification for request id 2862
May 16, 2024 7:23:42 PM org.eclipse.lsp4j.jsonrpc.RemoteEndpoint handleCancellation
WARNING: Unmatched cancel notification for request id 2864
2024.05.16 19:23:43 INFO  compiling root (1 scala source)[0m
2024.05.16 19:23:43 INFO  time: compiled root in 0.12s[0m
May 16, 2024 7:24:02 PM org.eclipse.lsp4j.jsonrpc.RemoteEndpoint handleCancellation
WARNING: Unmatched cancel notification for request id 2938
2024.05.16 19:24:03 INFO  compiling root (1 scala source)[0m
2024.05.16 19:24:03 INFO  time: compiled root in 0.14s[0m
2024.05.16 19:24:05 INFO  compiling root (1 scala source)[0m
2024.05.16 19:24:05 INFO  time: compiled root in 0.12s[0m
2024.05.16 19:24:06 INFO  compiling root (1 scala source)[0m
2024.05.16 19:24:06 INFO  time: compiled root in 0.12s[0m
2024.05.16 19:24:10 INFO  compiling root (1 scala source)[0m
2024.05.16 19:24:10 INFO  time: compiled root in 0.13s[0m
2024.05.16 19:24:14 INFO  compiling root (1 scala source)[0m
2024.05.16 19:24:14 INFO  time: compiled root in 0.11s[0m
2024.05.16 19:24:20 INFO  compiling root (1 scala source)[0m
2024.05.16 19:24:20 INFO  time: compiled root in 0.11s[0m
2024.05.16 19:24:33 INFO  compiling root (1 scala source)[0m
2024.05.16 19:24:33 INFO  time: compiled root in 0.12s[0m
2024.05.16 19:24:38 INFO  compiling root (1 scala source)[0m
2024.05.16 19:24:38 INFO  time: compiled root in 0.13s[0m
2024.05.16 19:24:39 INFO  compiling root (1 scala source)[0m
2024.05.16 19:24:39 INFO  time: compiled root in 0.1s[0m
2024.05.16 19:24:45 INFO  compiling root (1 scala source)[0m
2024.05.16 19:24:45 INFO  time: compiled root in 70ms[0m
2024.05.16 19:24:51 INFO  compiling root (1 scala source)[0m
2024.05.16 19:24:51 INFO  time: compiled root in 71ms[0m
2024.05.16 19:24:54 INFO  compiling root (1 scala source)[0m
2024.05.16 19:24:54 INFO  time: compiled root in 86ms[0m
2024.05.16 19:24:56 INFO  compiling root (1 scala source)[0m
2024.05.16 19:24:56 INFO  time: compiled root in 81ms[0m
2024.05.16 19:25:01 INFO  compiling root (1 scala source)[0m
2024.05.16 19:25:01 INFO  time: compiled root in 0.16s[0m
2024.05.16 19:25:05 INFO  compiling root (1 scala source)[0m
2024.05.16 19:25:05 INFO  time: compiled root in 96ms[0m
2024.05.16 19:25:07 INFO  compiling root (1 scala source)[0m
2024.05.16 19:25:07 INFO  time: compiled root in 76ms[0m
2024.05.16 19:25:11 INFO  compiling root (1 scala source)[0m
2024.05.16 19:25:11 INFO  time: compiled root in 0.15s[0m
2024.05.16 19:25:12 INFO  compiling root (1 scala source)[0m
2024.05.16 19:25:12 INFO  time: compiled root in 0.14s[0m
2024.05.16 19:25:15 INFO  compiling root (1 scala source)[0m
2024.05.16 19:25:15 INFO  time: compiled root in 0.14s[0m
2024.05.16 19:25:17 INFO  compiling root (1 scala source)[0m
2024.05.16 19:25:17 INFO  time: compiled root in 0.12s[0m
2024.05.16 19:25:20 INFO  compiling root (1 scala source)[0m
2024.05.16 19:25:20 INFO  time: compiled root in 0.19s[0m
2024.05.16 19:25:22 INFO  compiling root (1 scala source)[0m
2024.05.16 19:25:22 INFO  time: compiled root in 73ms[0m
2024.05.16 19:25:24 INFO  compiling root (1 scala source)[0m
2024.05.16 19:25:24 INFO  time: compiled root in 80ms[0m
2024.05.16 19:25:27 INFO  compiling root (1 scala source)[0m
2024.05.16 19:25:27 INFO  time: compiled root in 0.15s[0m
2024.05.16 19:25:29 INFO  compiling root (1 scala source)[0m
2024.05.16 19:25:29 INFO  time: compiled root in 77ms[0m
2024.05.16 19:25:33 INFO  compiling root (1 scala source)[0m
2024.05.16 19:25:33 INFO  time: compiled root in 0.13s[0m
2024.05.16 19:25:36 INFO  compiling root (1 scala source)[0m
2024.05.16 19:25:36 INFO  time: compiled root in 0.13s[0m
2024.05.16 19:25:53 INFO  compiling root (1 scala source)[0m
2024.05.16 19:25:53 INFO  time: compiled root in 75ms[0m
2024.05.16 19:25:56 INFO  compiling root (1 scala source)[0m
2024.05.16 19:25:56 INFO  time: compiled root in 0.13s[0m
2024.05.16 19:25:58 INFO  compiling root (1 scala source)[0m
2024.05.16 19:25:58 INFO  time: compiled root in 0.13s[0m
2024.05.16 19:26:03 INFO  compiling root (1 scala source)[0m
2024.05.16 19:26:03 INFO  time: compiled root in 0.14s[0m
2024.05.16 19:29:24 INFO  compiling root (1 scala source)[0m
2024.05.16 19:29:24 INFO  time: compiled root in 85ms[0m
2024.05.16 19:29:34 INFO  compiling root (1 scala source)[0m
2024.05.16 19:29:34 INFO  time: compiled root in 87ms[0m
2024.05.16 19:29:38 INFO  compiling root (1 scala source)[0m
2024.05.16 19:29:38 INFO  time: compiled root in 0.14s[0m
2024.05.16 19:29:39 INFO  compiling root (1 scala source)[0m
2024.05.16 19:29:39 INFO  time: compiled root in 0.1s[0m
2024.05.16 19:29:41 INFO  compiling root (1 scala source)[0m
2024.05.16 19:29:41 INFO  time: compiled root in 0.14s[0m
2024.05.16 19:29:53 INFO  compiling root (1 scala source)[0m
2024.05.16 19:29:53 INFO  time: compiled root in 0.13s[0m
May 16, 2024 7:29:55 PM org.eclipse.lsp4j.jsonrpc.RemoteEndpoint handleCancellation
WARNING: Unmatched cancel notification for request id 3800
2024.05.16 19:29:56 INFO  compiling root (1 scala source)[0m
2024.05.16 19:29:56 INFO  time: compiled root in 76ms[0m
2024.05.16 19:30:01 INFO  compiling root (1 scala source)[0m
2024.05.16 19:30:01 INFO  time: compiled root in 88ms[0m
2024.05.16 19:30:06 INFO  compiling root (1 scala source)[0m
2024.05.16 19:30:06 INFO  time: compiled root in 76ms[0m
2024.05.16 19:30:09 INFO  compiling root (1 scala source)[0m
2024.05.16 19:30:09 INFO  time: compiled root in 75ms[0m
2024.05.16 19:30:12 INFO  compiling root (1 scala source)[0m
2024.05.16 19:30:12 INFO  time: compiled root in 0.16s[0m
May 16, 2024 7:30:14 PM org.eclipse.lsp4j.jsonrpc.RemoteEndpoint handleCancellation
WARNING: Unmatched cancel notification for request id 3955
May 16, 2024 7:30:14 PM org.eclipse.lsp4j.jsonrpc.RemoteEndpoint handleCancellation
WARNING: Unmatched cancel notification for request id 3956
May 16, 2024 7:30:14 PM org.eclipse.lsp4j.jsonrpc.RemoteEndpoint handleCancellation
WARNING: Unmatched cancel notification for request id 3958
2024.05.16 19:30:18 INFO  compiling root (1 scala source)[0m
2024.05.16 19:30:18 INFO  time: compiled root in 0.13s[0m
2024.05.16 19:30:21 INFO  compiling root (1 scala source)[0m
2024.05.16 19:30:21 INFO  time: compiled root in 80ms[0m
May 16, 2024 7:30:22 PM org.eclipse.lsp4j.jsonrpc.RemoteEndpoint handleCancellation
WARNING: Unmatched cancel notification for request id 4041
2024.05.16 19:30:23 INFO  compiling root (1 scala source)[0m
2024.05.16 19:30:23 INFO  time: compiled root in 74ms[0m
2024.05.16 19:30:29 INFO  compiling root (1 scala source)[0m
2024.05.16 19:30:29 INFO  time: compiled root in 0.14s[0m
2024.05.16 19:30:31 INFO  compiling root (1 scala source)[0m
2024.05.16 19:30:31 INFO  time: compiled root in 0.13s[0m
2024.05.16 19:31:39 INFO  compiling root (1 scala source)[0m
2024.05.16 19:31:39 INFO  time: compiled root in 0.15s[0m
2024.05.16 19:31:42 INFO  compiling root (1 scala source)[0m
2024.05.16 19:31:42 INFO  time: compiled root in 0.18s[0m
2024.05.16 19:31:44 INFO  compiling root (1 scala source)[0m
2024.05.16 19:31:44 INFO  time: compiled root in 0.15s[0m
2024.05.16 19:31:53 INFO  compiling root (1 scala source)[0m
2024.05.16 19:31:53 INFO  time: compiled root in 0.14s[0m
May 16, 2024 7:31:55 PM scala.meta.internal.pc.CompilerAccess retryWithCleanCompiler
INFO: compiler crashed due to an error in the Scala compiler, retrying with new compiler instance.
2024.05.16 19:31:56 INFO  compiling root (1 scala source)[0m
2024.05.16 19:31:56 INFO  time: compiled root in 0.18s[0m
2024.05.16 19:32:03 INFO  compiling root (1 scala source)[0m
2024.05.16 19:32:03 INFO  time: compiled root in 0.12s[0m
2024.05.16 19:32:04 INFO  compiling root (1 scala source)[0m
2024.05.16 19:32:04 INFO  time: compiled root in 0.13s[0m
2024.05.16 19:32:06 INFO  compiling root (1 scala source)[0m
2024.05.16 19:32:06 INFO  time: compiled root in 0.12s[0m
2024.05.16 19:32:11 INFO  compiling root (1 scala source)[0m
2024.05.16 19:32:11 INFO  time: compiled root in 0.16s[0m
2024.05.16 19:32:14 INFO  compiling root (1 scala source)[0m
2024.05.16 19:32:14 INFO  time: compiled root in 0.11s[0m
2024.05.16 19:32:18 INFO  compiling root (1 scala source)[0m
2024.05.16 19:32:18 INFO  time: compiled root in 0.12s[0m
2024.05.16 19:32:20 INFO  compiling root (1 scala source)[0m
2024.05.16 19:32:20 INFO  time: compiled root in 0.15s[0m
2024.05.16 19:32:22 INFO  compiling root (1 scala source)[0m
2024.05.16 19:32:22 INFO  time: compiled root in 0.12s[0m
2024.05.16 19:32:28 INFO  compiling root (1 scala source)[0m
2024.05.16 19:32:28 INFO  time: compiled root in 0.12s[0m
2024.05.16 19:32:30 INFO  compiling root (1 scala source)[0m
2024.05.16 19:32:30 INFO  time: compiled root in 0.7s[0m
2024.05.16 19:32:33 INFO  compiling root (1 scala source)[0m
2024.05.16 19:32:33 INFO  time: compiled root in 0.72s[0m
2024.05.16 19:32:36 INFO  compiling root (1 scala source)[0m
2024.05.16 19:32:36 INFO  time: compiled root in 0.71s[0m
2024.05.16 19:32:41 INFO  compiling root (1 scala source)[0m
2024.05.16 19:32:41 INFO  time: compiled root in 0.63s[0m
2024.05.16 19:32:49 INFO  compiling root (1 scala source)[0m
2024.05.16 19:32:49 WARN  1 deprecation (since 2.11.0); re-run with -deprecation for details[0m
2024.05.16 19:32:49 INFO  time: compiled root in 0.7s[0m
2024.05.16 19:32:53 INFO  compiling root (1 scala source)[0m
2024.05.16 19:32:53 INFO  time: compiled root in 0.13s[0m
2024.05.16 19:32:57 INFO  compiling root (1 scala source)[0m
2024.05.16 19:32:57 INFO  time: compiled root in 0.1s[0m
2024.05.16 19:32:59 INFO  compiling root (1 scala source)[0m
2024.05.16 19:32:59 INFO  time: compiled root in 0.14s[0m
2024.05.16 19:33:01 INFO  compiling root (1 scala source)[0m
2024.05.16 19:33:01 INFO  time: compiled root in 0.12s[0m
2024.05.16 19:33:03 INFO  compiling root (1 scala source)[0m
2024.05.16 19:33:03 INFO  time: compiled root in 0.41s[0m
2024.05.16 19:33:05 INFO  compiling root (1 scala source)[0m
2024.05.16 19:33:05 INFO  time: compiled root in 0.1s[0m
2024.05.16 19:33:09 INFO  compiling root (1 scala source)[0m
2024.05.16 19:33:09 INFO  time: compiled root in 86ms[0m
2024.05.16 19:33:11 INFO  compiling root (1 scala source)[0m
2024.05.16 19:33:11 INFO  time: compiled root in 0.12s[0m
2024.05.16 19:33:15 INFO  compiling root (1 scala source)[0m
2024.05.16 19:33:15 INFO  time: compiled root in 0.69s[0m
2024.05.16 19:33:35 INFO  compiling root (1 scala source)[0m
2024.05.16 19:33:35 INFO  time: compiled root in 0.63s[0m
May 16, 2024 7:33:45 PM org.eclipse.lsp4j.jsonrpc.RemoteEndpoint handleCancellation
WARNING: Unmatched cancel notification for request id 4855
2024.05.16 19:33:48 INFO  compiling root (1 scala source)[0m
2024.05.16 19:33:48 INFO  time: compiled root in 0.14s[0m
2024.05.16 19:33:50 INFO  compiling root (1 scala source)[0m
2024.05.16 19:33:50 INFO  time: compiled root in 0.74s[0m
2024.05.16 19:35:10 INFO  compiling root (1 scala source)[0m
May 16, 2024 7:35:10 PM org.eclipse.lsp4j.jsonrpc.RemoteEndpoint handleCancellation
WARNING: Unmatched cancel notification for request id 5145
2024.05.16 19:35:10 INFO  time: compiled root in 0.87s[0m
2024.05.16 19:35:22 INFO  compiling root (1 scala source)[0m
2024.05.16 19:35:22 INFO  time: compiled root in 0.81s[0m
2024.05.16 19:35:24 INFO  compiling root (1 scala source)[0m
2024.05.16 19:35:24 INFO  time: compiled root in 77ms[0m
2024.05.16 19:35:25 WARN  Could not load snapshot text for /home/meisam/Documents/Pure-fp/handling_errors/src/main/scala/example/TVShowParsingEngine.scala[0m
2024.05.16 19:35:26 WARN  Could not load snapshot text for /home/meisam/Documents/Pure-fp/handling_errors/src/main/scala/example/TVShowParsingEngine.scala[0m
2024.05.16 19:35:27 WARN  Could not load snapshot text for /home/meisam/Documents/Pure-fp/handling_errors/src/main/scala/example/TVShowParsingEngine.scala[0m
2024.05.16 19:35:27 WARN  Could not load snapshot text for /home/meisam/Documents/Pure-fp/handling_errors/src/main/scala/example/TVShowParsingEngine.scala[0m
2024.05.16 19:35:28 INFO  compiling root (1 scala source)[0m
2024.05.16 19:35:28 INFO  time: compiled root in 78ms[0m
2024.05.16 19:35:29 WARN  Could not load snapshot text for /home/meisam/Documents/Pure-fp/handling_errors/src/main/scala/example/TVShowParsingEngine.scala[0m
2024.05.16 19:35:30 WARN  Could not load snapshot text for /home/meisam/Documents/Pure-fp/handling_errors/src/main/scala/example/TVShowParsingEngine.scala[0m
2024.05.16 19:35:30 INFO  compiling root (1 scala source)[0m
2024.05.16 19:35:30 INFO  time: compiled root in 96ms[0m
2024.05.16 19:35:31 WARN  Could not load snapshot text for /home/meisam/Documents/Pure-fp/handling_errors/src/main/scala/example/TVShowParsingEngine.scala[0m
2024.05.16 19:35:32 INFO  compiling root (1 scala source)[0m
2024.05.16 19:35:32 INFO  time: compiled root in 79ms[0m
2024.05.16 19:35:33 WARN  Could not load snapshot text for /home/meisam/Documents/Pure-fp/handling_errors/src/main/scala/example/TVShowParsingEngine.scala[0m
2024.05.16 19:35:34 INFO  compiling root (1 scala source)[0m
2024.05.16 19:35:34 INFO  time: compiled root in 0.65s[0m
2024.05.16 19:36:03 INFO  compiling root (1 scala source)[0m
2024.05.16 19:36:03 INFO  time: compiled root in 0.7s[0m
May 16, 2024 8:47:52 PM org.eclipse.lsp4j.jsonrpc.services.GenericEndpoint notify
INFO: Unsupported notification method: $/setTrace
